app/build/intermediates/manifest_merge_blame_file/release/manifest-merger-blame-release-report.txt
1<?xml version="1.0" encoding="utf-8"?>
2<manifest xmlns:android="http://schemas.android.com/apk/res/android"
3    package="uz.gita.quizapp.uz.muhammadali.a4picturein1word"
4    android:versionCode="1"
5    android:versionName="1.0" >
6
7    <uses-sdk
8        android:minSdkVersion="24"
8-->src\main\AndroidManifest.xml
9        android:targetSdkVersion="33" />
9-->src\main\AndroidManifest.xml
10
11    <uses-permission android:name="android.permission.VIBRATE" />
11-->src\main\AndroidManifest.xml:5:5-66
11-->src\main\AndroidManifest.xml:5:22-63
12
13    <permission
13-->[androidx.core:core:1.9.0] AndroidManifest.xml:22:5-24:47
14        android:name="uz.gita.quizapp.uz.muhammadali.a4picturein1word.DYNAMIC_RECEIVER_NOT_EXPORTED_PERMISSION"
14-->[androidx.core:core:1.9.0] AndroidManifest.xml:23:9-81
15        android:protectionLevel="signature" />
15-->[androidx.core:core:1.9.0] AndroidManifest.xml:24:9-44
16
17    <uses-permission android:name="uz.gita.quizapp.uz.muhammadali.a4picturein1word.DYNAMIC_RECEIVER_NOT_EXPORTED_PERMISSION" />
17-->[androidx.core:core:1.9.0] AndroidManifest.xml:26:5-97
17-->[androidx.core:core:1.9.0] AndroidManifest.xml:26:22-94
18
19    <application
19-->src\main\AndroidManifest.xml:7:5-45:19
20        android:name="uz.gita.quizapp.uz.muhammadali.a4picturein1word.App"
20-->src\main\AndroidManifest.xml:8:9-28
21        android:allowBackup="true"
21-->src\main\AndroidManifest.xml:9:9-35
22        android:appComponentFactory="androidx.core.app.CoreComponentFactory"
22-->[androidx.core:core:1.9.0] AndroidManifest.xml:28:18-86
23        android:dataExtractionRules="@xml/data_extraction_rules"
23-->src\main\AndroidManifest.xml:10:9-65
24        android:extractNativeLibs="false"
25        android:fullBackupContent="@xml/backup_rules"
25-->src\main\AndroidManifest.xml:11:9-54
26        android:icon="@drawable/main"
26-->src\main\AndroidManifest.xml:12:9-38
27        android:label="@string/app_name"
27-->src\main\AndroidManifest.xml:13:9-41
28        android:roundIcon="@mipmap/ic_launcher_round"
28-->src\main\AndroidManifest.xml:14:9-54
29        android:supportsRtl="true"
29-->src\main\AndroidManifest.xml:15:9-35
30        android:theme="@style/Theme.Design.Light.NoActionBar" >
30-->src\main\AndroidManifest.xml:16:9-62
31        <activity
31-->src\main\AndroidManifest.xml:18:9-22:40
32            android:name="uz.gita.quizapp.uz.muhammadali.a4picturein1word.ui.play.InfoActivity"
32-->src\main\AndroidManifest.xml:21:13-49
33            android:exported="false"
33-->src\main\AndroidManifest.xml:22:13-37
34            android:screenOrientation="portrait" />
34-->src\main\AndroidManifest.xml:20:13-49
35        <activity
35-->src\main\AndroidManifest.xml:23:9-30:20
36            android:name="uz.gita.quizapp.uz.muhammadali.a4picturein1word.ui.play.PlayActivity"
36-->src\main\AndroidManifest.xml:24:13-49
37            android:exported="false"
37-->src\main\AndroidManifest.xml:25:13-37
38            android:screenOrientation="portrait" >
38-->src\main\AndroidManifest.xml:26:13-49
39            <meta-data
39-->src\main\AndroidManifest.xml:27:13-29:36
40                android:name="android.app.lib_name"
40-->src\main\AndroidManifest.xml:28:17-52
41                android:value="" />
41-->src\main\AndroidManifest.xml:29:17-33
42        </activity>
43        <activity
43-->src\main\AndroidManifest.xml:31:9-44:20
44            android:name="uz.gita.quizapp.uz.muhammadali.a4picturein1word.ui.main.MainActivity"
44-->src\main\AndroidManifest.xml:32:13-49
45            android:exported="true"
45-->src\main\AndroidManifest.xml:33:13-36
46            android:screenOrientation="portrait" >
46-->src\main\AndroidManifest.xml:34:13-49
47            <intent-filter>
47-->src\main\AndroidManifest.xml:35:13-39:29
48                <action android:name="android.intent.action.MAIN" />
48-->src\main\AndroidManifest.xml:36:17-69
48-->src\main\AndroidManifest.xml:36:25-66
49
50                <category android:name="android.intent.category.LAUNCHER" />
50-->src\main\AndroidManifest.xml:38:17-77
50-->src\main\AndroidManifest.xml:38:27-74
51            </intent-filter>
52
53            <meta-data
53-->src\main\AndroidManifest.xml:27:13-29:36
54                android:name="android.app.lib_name"
54-->src\main\AndroidManifest.xml:28:17-52
55                android:value="" />
55-->src\main\AndroidManifest.xml:29:17-33
56        </activity>
57
58        <provider
58-->[androidx.emoji2:emoji2:1.2.0] AndroidManifest.xml:24:9-32:20
59            android:name="androidx.startup.InitializationProvider"
59-->[androidx.emoji2:emoji2:1.2.0] AndroidManifest.xml:25:13-67
60            android:authorities="uz.gita.quizapp.uz.muhammadali.a4picturein1word.androidx-startup"
60-->[androidx.emoji2:emoji2:1.2.0] AndroidManifest.xml:26:13-68
61            android:exported="false" >
61-->[androidx.emoji2:emoji2:1.2.0] AndroidManifest.xml:27:13-37
62            <meta-data
62-->[androidx.emoji2:emoji2:1.2.0] AndroidManifest.xml:29:13-31:52
63                android:name="androidx.emoji2.text.EmojiCompatInitializer"
63-->[androidx.emoji2:emoji2:1.2.0] AndroidManifest.xml:30:17-75
64                android:value="androidx.startup" />
64-->[androidx.emoji2:emoji2:1.2.0] AndroidManifest.xml:31:17-49
65            <meta-data
65-->[androidx.lifecycle:lifecycle-process:2.4.1] AndroidManifest.xml:31:13-33:52
66                android:name="androidx.lifecycle.ProcessLifecycleInitializer"
66-->[androidx.lifecycle:lifecycle-process:2.4.1] AndroidManifest.xml:32:17-78
67                android:value="androidx.startup" />
67-->[androidx.lifecycle:lifecycle-process:2.4.1] AndroidManifest.xml:33:17-49
68        </provider>
69    </application>
70
71</manifest>